<?xml version="1.0" encoding="UTF-8"?>
<testsuite name="ru.ac.uniyar.testingcourse.WarmupControllerTest" tests="2" skipped="0" failures="0" errors="0" timestamp="2021-06-23T19:08:10" hostname="OVERCOMZI-ENV" time="0.136">
  <properties/>
  <testcase name="simpleCase()" classname="ru.ac.uniyar.testingcourse.WarmupControllerTest" time="0.1"/>
  <testcase name="FullCooling()" classname="ru.ac.uniyar.testingcourse.WarmupControllerTest" time="0.018"/>
  <system-out><![CDATA[]]></system-out>
  <system-err><![CDATA[]]></system-err>
</testsuite>
